#
# A fatal error has been detected by the Java Runtime Environment:
#
#  EXCEPTION_ACCESS_VIOLATION (0xc0000005) at pc=0x6c251ccb, pid=22116, tid=0x00004770
#
# JRE version: Java(TM) SE Runtime Environment (8.0_201-b09) (build 1.8.0_201-b09)
# Java VM: Java HotSpot(TM) Client VM (25.201-b09 mixed mode windows-x86 )
# Problematic frame:
# C  [sqlite-3.28.0-08513635-d10c-4621-80ae-12bad1e405f5-sqlitejdbc.dll+0x51ccb]
#
# Failed to write core dump. Minidumps are not enabled by default on client versions of Windows
#
# If you would like to submit a bug report, please visit:
#   http://bugreport.java.com/bugreport/crash.jsp
# The crash happened outside the Java Virtual Machine in native code.
# See problematic frame for where to report the bug.
#

---------------  T H R E A D  ---------------

Current thread (0x05b41000):  JavaThread "Thread-87" [_thread_in_native, id=18288, stack(0x099e0000,0x09a30000)]

siginfo: ExceptionCode=0xc0000005, reading address 0x0000000c

Registers:
EAX=0x00000000, EBX=0x0ae92f60, ECX=0x05b41140, EDX=0x0ae92f60
ESP=0x09a2f380, EBP=0x09a2f3a8, ESI=0x00000000, EDI=0x05b41000
EIP=0x6c251ccb, EFLAGS=0x00010206

Top of Stack: (sp=0x09a2f380)
0x09a2f380:   09a2f3f0 05b41000 04dad678 0a3024a3
0x09a2f390:   05dc2116 05dc2116 09a2f3b0 075493ae
0x09a2f3a0:   04dad678 04dad678 09a2f3c8 6c2028fe
0x09a2f3b0:   0ae92f60 09a2f3dc 0744e618 05b41000
0x09a2f3c0:   00000006 00000008 09a2f418 02ad4e7a
0x09a2f3d0:   05b41140 09a2f430 0ae92f60 00000000
0x09a2f3e0:   02ad4a72 05c23424 09a2f3f0 02ad4a48
0x09a2f3f0:   00000003 0fccb7f0 09a2f3f0 04dad678 

Instructions: (pc=0x6c251ccb)
0x6c251cab:   5b 5e 5f 5d e9 3d 56 fc ff 55 31 c0 89 e5 56 53
0x6c251cbb:   83 ec 20 8b 5d 08 85 db 0f 84 91 00 00 00 8b 33
0x6c251ccb:   8b 46 0c 89 04 24 e8 79 20 fb ff 83 bb 8c 00 00
0x6c251cdb:   00 00 7c 14 7f 09 83 bb 88 00 00 00 00 76 09 89 


Register to memory mapping:

EAX=0x00000000 is an unknown value
EBX=0x0ae92f60 is an unknown value
ECX=0x05b41140 is an unknown value
EDX=0x0ae92f60 is an unknown value
ESP=0x09a2f380 is pointing into the stack for thread: 0x05b41000
EBP=0x09a2f3a8 is pointing into the stack for thread: 0x05b41000
ESI=0x00000000 is an unknown value
EDI=0x05b41000 is a thread


Stack: [0x099e0000,0x09a30000],  sp=0x09a2f380,  free space=316k
Native frames: (J=compiled Java code, j=interpreted, Vv=VM code, C=native code)
C  [sqlite-3.28.0-08513635-d10c-4621-80ae-12bad1e405f5-sqlitejdbc.dll+0x51ccb]
C  [sqlite-3.28.0-08513635-d10c-4621-80ae-12bad1e405f5-sqlitejdbc.dll+0x28fe]
j  org.sqlite.core.NativeDB.reset(J)I+0
j  org.sqlite.jdbc3.JDBC3PreparedStatement.executeQuery()Ljava/sql/ResultSet;+39
j  org.sqlite.jdbc3.JDBC3DatabaseMetaData.getGeneratedKeys()Ljava/sql/ResultSet;+25
j  org.sqlite.jdbc3.JDBC3Statement.getGeneratedKeys()Ljava/sql/ResultSet;+7
j  cn.caigd.learn.sqlite.TransactionApp.addInventory(Ljava/lang/String;ID)V+139
j  cn.caigd.learn.sqlite.TransactionApp.lambda$main$0(Lcn/caigd/learn/sqlite/TransactionApp;)V+7
j  cn.caigd.learn.sqlite.TransactionApp$$Lambda$1.run()V+4
j  java.lang.Thread.run()V+11
v  ~StubRoutines::call_stub
V  [jvm.dll+0x15c215]
V  [jvm.dll+0x22512e]
V  [jvm.dll+0x15c2ae]
V  [jvm.dll+0x15c436]
V  [jvm.dll+0x15c4a7]
V  [jvm.dll+0x1001df]
V  [jvm.dll+0x17f590]
V  [jvm.dll+0x17fe0a]
V  [jvm.dll+0x1c6a76]
C  [msvcr100.dll+0x5c556]
C  [msvcr100.dll+0x5c600]
C  [KERNEL32.DLL+0x20419]
C  [ntdll.dll+0x6662d]
C  [ntdll.dll+0x665fd]
C  0x00000000

Java frames: (J=compiled Java code, j=interpreted, Vv=VM code)
j  org.sqlite.core.NativeDB.reset(J)I+0
j  org.sqlite.jdbc3.JDBC3PreparedStatement.executeQuery()Ljava/sql/ResultSet;+39
j  org.sqlite.jdbc3.JDBC3DatabaseMetaData.getGeneratedKeys()Ljava/sql/ResultSet;+25
j  org.sqlite.jdbc3.JDBC3Statement.getGeneratedKeys()Ljava/sql/ResultSet;+7
j  cn.caigd.learn.sqlite.TransactionApp.addInventory(Ljava/lang/String;ID)V+139
j  cn.caigd.learn.sqlite.TransactionApp.lambda$main$0(Lcn/caigd/learn/sqlite/TransactionApp;)V+7
j  cn.caigd.learn.sqlite.TransactionApp$$Lambda$1.run()V+4
j  java.lang.Thread.run()V+11
v  ~StubRoutines::call_stub

---------------  P R O C E S S  ---------------

Java Threads: ( => current thread )
  0x05b89400 JavaThread "DestroyJavaVM" [_thread_blocked, id=19516, stack(0x02770000,0x027c0000)]
  0x05b44400 JavaThread "Thread-99" [_thread_blocked, id=20936, stack(0x0a0a0000,0x0a0f0000)]
  0x05b43c00 JavaThread "Thread-98" [_thread_blocked, id=21600, stack(0x0a010000,0x0a060000)]
  0x05b42800 JavaThread "Thread-97" [_thread_blocked, id=20612, stack(0x09f80000,0x09fd0000)]
  0x05b41c00 JavaThread "Thread-96" [_thread_blocked, id=20960, stack(0x09ef0000,0x09f40000)]
  0x05b47000 JavaThread "Thread-95" [_thread_blocked, id=21976, stack(0x09e60000,0x09eb0000)]
  0x05b46800 JavaThread "Thread-94" [_thread_blocked, id=21236, stack(0x09dd0000,0x09e20000)]
  0x05b45000 JavaThread "Thread-93" [_thread_blocked, id=18812, stack(0x09d40000,0x09d90000)]
  0x05b3fc00 JavaThread "Thread-92" [_thread_blocked, id=2236, stack(0x09cb0000,0x09d00000)]
  0x05b41800 JavaThread "Thread-91" [_thread_blocked, id=21636, stack(0x09c20000,0x09c70000)]
  0x05b46400 JavaThread "Thread-90" [_thread_blocked, id=11604, stack(0x09b90000,0x09be0000)]
  0x05b44800 JavaThread "Thread-89" [_thread_blocked, id=20956, stack(0x09b00000,0x09b50000)]
  0x05b45400 JavaThread "Thread-88" [_thread_blocked, id=19612, stack(0x09a70000,0x09ac0000)]
=>0x05b41000 JavaThread "Thread-87" [_thread_in_native, id=18288, stack(0x099e0000,0x09a30000)]
  0x05b40400 JavaThread "Thread-86" [_thread_blocked, id=18364, stack(0x09950000,0x099a0000)]
  0x05b3f800 JavaThread "Thread-85" [_thread_blocked, id=16496, stack(0x098c0000,0x09910000)]
  0x05b42400 JavaThread "Thread-84" [_thread_blocked, id=14644, stack(0x09830000,0x09880000)]
  0x05b43000 JavaThread "Thread-82" [_thread_blocked, id=22264, stack(0x09710000,0x09760000)]
  0x05b43800 JavaThread "Thread-81" [_thread_blocked, id=22088, stack(0x09680000,0x096d0000)]
  0x05b40c00 JavaThread "Thread-80" [_thread_blocked, id=5828, stack(0x095f0000,0x09640000)]
  0x05c5fc00 JavaThread "Thread-79" [_thread_blocked, id=20244, stack(0x09560000,0x095b0000)]
  0x05c5e800 JavaThread "Thread-77" [_thread_blocked, id=21516, stack(0x09440000,0x09490000)]
  0x05c5dc00 JavaThread "Thread-76" [_thread_blocked, id=21656, stack(0x093b0000,0x09400000)]
  0x05c5c400 JavaThread "Thread-73" [_thread_blocked, id=10348, stack(0x09200000,0x09250000)]
  0x05c5b000 JavaThread "Thread-71" [_thread_blocked, id=5364, stack(0x090e0000,0x09130000)]
  0x05c60c00 JavaThread "Thread-69" [_thread_blocked, id=20000, stack(0x08fc0000,0x09010000)]
  0x05c60800 JavaThread "Thread-67" [_thread_blocked, id=7640, stack(0x08ea0000,0x08ef0000)]
  0x05c5d400 JavaThread "Thread-64" [_thread_blocked, id=3256, stack(0x08cf0000,0x08d40000)]
  0x05c5a400 JavaThread "Thread-63" [_thread_blocked, id=21724, stack(0x08c60000,0x08cb0000)]
  0x05c60000 JavaThread "Thread-62" [_thread_blocked, id=21132, stack(0x08bd0000,0x08c20000)]
  0x05c5bc00 JavaThread "Thread-61" [_thread_blocked, id=16060, stack(0x08b40000,0x08b90000)]
  0x05c59c00 JavaThread "Thread-60" [_thread_blocked, id=21972, stack(0x08ab0000,0x08b00000)]
  0x05c34c00 JavaThread "Thread-59" [_thread_blocked, id=22128, stack(0x08a20000,0x08a70000)]
  0x05c34400 JavaThread "Thread-58" [_thread_blocked, id=20404, stack(0x08990000,0x089e0000)]
  0x05c34000 JavaThread "Thread-57" [_thread_blocked, id=13452, stack(0x08900000,0x08950000)]
  0x05c33400 JavaThread "Thread-56" [_thread_blocked, id=11208, stack(0x08870000,0x088c0000)]
  0x05c36400 JavaThread "Thread-55" [_thread_blocked, id=20032, stack(0x087e0000,0x08830000)]
  0x05c32c00 JavaThread "Thread-53" [_thread_blocked, id=21664, stack(0x086c0000,0x08710000)]
  0x05c32400 JavaThread "Thread-52" [_thread_blocked, id=17768, stack(0x08630000,0x08680000)]
  0x05c33800 JavaThread "Thread-51" [_thread_blocked, id=19520, stack(0x084a0000,0x084f0000)]
  0x05c32000 JavaThread "Thread-50" [_thread_blocked, id=20008, stack(0x08410000,0x08460000)]
  0x05c36000 JavaThread "Thread-49" [_thread_blocked, id=22200, stack(0x08380000,0x083d0000)]
  0x05c2f400 JavaThread "Thread-48" [_thread_blocked, id=7236, stack(0x082f0000,0x08340000)]
  0x05c31400 JavaThread "Thread-47" [_thread_blocked, id=22180, stack(0x08260000,0x082b0000)]
  0x05c30c00 JavaThread "Thread-46" [_thread_blocked, id=18200, stack(0x081d0000,0x08220000)]
  0x05c30800 JavaThread "Thread-45" [_thread_blocked, id=20684, stack(0x08140000,0x08190000)]
  0x05c30000 JavaThread "Thread-44" [_thread_blocked, id=22360, stack(0x080b0000,0x08100000)]
  0x05c35000 JavaThread "Thread-43" [_thread_blocked, id=21936, stack(0x08020000,0x08070000)]
  0x05c2ec00 JavaThread "Thread-42" [_thread_blocked, id=7588, stack(0x07f90000,0x07fe0000)]
  0x05c2f800 JavaThread "Thread-41" [_thread_blocked, id=6424, stack(0x07f00000,0x07f50000)]
  0x05c31800 JavaThread "Thread-40" [_thread_blocked, id=21240, stack(0x07e70000,0x07ec0000)]
  0x05c1b400 JavaThread "Thread-39" [_thread_blocked, id=300, stack(0x07de0000,0x07e30000)]
  0x05c19400 JavaThread "Thread-38" [_thread_blocked, id=20768, stack(0x07d50000,0x07da0000)]
  0x05c16800 JavaThread "Thread-37" [_thread_blocked, id=19920, stack(0x07cc0000,0x07d10000)]
  0x05c16400 JavaThread "Thread-36" [_thread_blocked, id=18428, stack(0x07c30000,0x07c80000)]
  0x05c15c00 JavaThread "Thread-35" [_thread_blocked, id=11096, stack(0x07ba0000,0x07bf0000)]
  0x05c14400 JavaThread "Thread-34" [_thread_blocked, id=7556, stack(0x07b10000,0x07b60000)]
  0x05c19000 JavaThread "Thread-33" [_thread_blocked, id=20608, stack(0x07a80000,0x07ad0000)]
  0x05c13c00 JavaThread "Thread-32" [_thread_blocked, id=21140, stack(0x079f0000,0x07a40000)]
  0x05c1ac00 JavaThread "Thread-31" [_thread_blocked, id=21824, stack(0x07960000,0x079b0000)]
  0x05c18800 JavaThread "Thread-30" [_thread_blocked, id=20252, stack(0x078d0000,0x07920000)]
  0x05c15400 JavaThread "Thread-29" [_thread_blocked, id=21872, stack(0x07840000,0x07890000)]
  0x05c1a800 JavaThread "Thread-28" [_thread_blocked, id=17148, stack(0x077b0000,0x07800000)]
  0x05c18000 JavaThread "Thread-27" [_thread_blocked, id=15976, stack(0x07320000,0x07370000)]
  0x05c1a000 JavaThread "Thread-26" [_thread_blocked, id=16928, stack(0x07290000,0x072e0000)]
  0x05c17400 JavaThread "Thread-25" [_thread_blocked, id=20556, stack(0x07200000,0x07250000)]
  0x05c17000 JavaThread "Thread-24" [_thread_blocked, id=2460, stack(0x07170000,0x071c0000)]
  0x05c15000 JavaThread "Thread-23" [_thread_blocked, id=11352, stack(0x070e0000,0x07130000)]
  0x05c17c00 JavaThread "Thread-22" [_thread_blocked, id=21264, stack(0x07050000,0x070a0000)]
  0x05c14800 JavaThread "Thread-21" [_thread_blocked, id=19708, stack(0x06fc0000,0x07010000)]
  0x05c19c00 JavaThread "Thread-20" [_thread_blocked, id=20836, stack(0x06f30000,0x06f80000)]
  0x05c00c00 JavaThread "Thread-19" [_thread_blocked, id=17472, stack(0x06ea0000,0x06ef0000)]
  0x05c03000 JavaThread "Thread-18" [_thread_blocked, id=8600, stack(0x06e10000,0x06e60000)]
  0x05c03c00 JavaThread "Thread-17" [_thread_blocked, id=16372, stack(0x06d80000,0x06dd0000)]
  0x05c01c00 JavaThread "Thread-16" [_thread_blocked, id=3856, stack(0x06cf0000,0x06d40000)]
  0x05c01800 JavaThread "Thread-15" [_thread_blocked, id=20112, stack(0x06c60000,0x06cb0000)]
  0x05c02c00 JavaThread "Thread-14" [_thread_blocked, id=1188, stack(0x06bd0000,0x06c20000)]
  0x05c02400 JavaThread "Thread-13" [_thread_blocked, id=14748, stack(0x06b40000,0x06b90000)]
  0x05c01000 JavaThread "Thread-12" [_thread_blocked, id=22028, stack(0x06ab0000,0x06b00000)]
  0x05c03800 JavaThread "Thread-11" [_thread_blocked, id=21536, stack(0x06a20000,0x06a70000)]
  0x05c00400 JavaThread "Thread-10" [_thread_blocked, id=18032, stack(0x06990000,0x069e0000)]
  0x05c00000 JavaThread "Thread-9" [_thread_blocked, id=10344, stack(0x06900000,0x06950000)]
  0x05bff800 JavaThread "Thread-8" [_thread_blocked, id=21868, stack(0x06870000,0x068c0000)]
  0x05bff000 JavaThread "Thread-7" [_thread_blocked, id=22336, stack(0x067e0000,0x06830000)]
  0x05bfac00 JavaThread "Thread-6" [_thread_blocked, id=21116, stack(0x06750000,0x067a0000)]
  0x05bf8400 JavaThread "Thread-5" [_thread_blocked, id=20584, stack(0x066c0000,0x06710000)]
  0x05bf7000 JavaThread "Thread-4" [_thread_blocked, id=21956, stack(0x06630000,0x06680000)]
  0x05bf6800 JavaThread "Thread-3" [_thread_blocked, id=2668, stack(0x065a0000,0x065f0000)]
  0x05bf5800 JavaThread "Thread-1" [_thread_blocked, id=12824, stack(0x06480000,0x064d0000)]
  0x05bf0c00 JavaThread "Thread-0" [_thread_blocked, id=21908, stack(0x063f0000,0x06440000)]
  0x05b3ec00 JavaThread "Service Thread" daemon [_thread_blocked, id=22208, stack(0x062d0000,0x06320000)]
  0x059c2400 JavaThread "C1 CompilerThread0" daemon [_thread_blocked, id=21068, stack(0x06240000,0x06290000)]
  0x04fa2800 JavaThread "JDWP Command Reader" daemon [_thread_in_native, id=12256, stack(0x055b0000,0x05600000)]
  0x04f9dc00 JavaThread "JDWP Event Helper Thread" daemon [_thread_blocked, id=7512, stack(0x05520000,0x05570000)]
  0x04f9bc00 JavaThread "JDWP Transport Listener: dt_socket" daemon [_thread_blocked, id=22420, stack(0x05490000,0x054e0000)]
  0x04f5fc00 JavaThread "Attach Listener" daemon [_thread_blocked, id=21072, stack(0x05400000,0x05450000)]
  0x04f5ec00 JavaThread "Signal Dispatcher" daemon [_thread_blocked, id=19304, stack(0x05370000,0x053c0000)]
  0x04f44000 JavaThread "Finalizer" daemon [_thread_blocked, id=436, stack(0x05280000,0x052d0000)]
  0x04f3e400 JavaThread "Reference Handler" daemon [_thread_blocked, id=21592, stack(0x051f0000,0x05240000)]

Other Threads:
  0x00d4d000 VMThread [stack: 0x05160000,0x051b0000] [id=18828]
  0x059fe800 WatcherThread [stack: 0x06360000,0x063b0000] [id=1688]

VM state:not at safepoint (normal execution)

VM Mutex/Monitor currently owned by a thread: None

Heap:
 def new generation   total 4928K, used 2762K [0x0fc00000, 0x10150000, 0x15150000)
  eden space 4416K,  56% used [0x0fc00000, 0x0fe6de70, 0x10050000)
  from space 512K,  53% used [0x10050000, 0x100949c0, 0x100d0000)
  to   space 512K,   0% used [0x100d0000, 0x100d0000, 0x10150000)
 tenured generation   total 10944K, used 2055K [0x15150000, 0x15c00000, 0x1fc00000)
   the space 10944K,  18% used [0x15150000, 0x15351fc0, 0x15352000, 0x15c00000)
 Metaspace       used 4397K, capacity 4588K, committed 4608K, reserved 5504K

Card table byte_map: [0x028c0000,0x02950000] byte_map_base: 0x02842000

Polling page: 0x008d0000

CodeCache: size=32768Kb used=1125Kb max_used=1125Kb free=31642Kb
 bounds [0x02ac0000, 0x02be0000, 0x04ac0000]
 total_blobs=459 nmethods=299 adapters=99
 compilation: enabled

Compilation events (10 events):
Event: 33.345 Thread 0x059c2400  295             java.lang.Character::codePointAt (51 bytes)
Event: 33.345 Thread 0x059c2400 nmethod 295 0x02bd7608 code [0x02bd7720, 0x02bd78b4]
Event: 33.728 Thread 0x059c2400  296   !         java.lang.StringCoding::encode (120 bytes)
Event: 33.728 Thread 0x059c2400 nmethod 296 0x02bd7988 code [0x02bd7b90, 0x02bd8278]
Event: 33.728 Thread 0x059c2400  297             java.lang.StringCoding::access$300 (8 bytes)
Event: 33.729 Thread 0x059c2400 nmethod 297 0x02bd8d48 code [0x02bd8e50, 0x02bd8ffc]
Event: 33.729 Thread 0x059c2400  298             java.lang.StringCoding::safeTrim (24 bytes)
Event: 33.729 Thread 0x059c2400 nmethod 298 0x02bd9148 code [0x02bd9250, 0x02bd93fc]
Event: 33.929 Thread 0x059c2400  299             java.lang.Number::<init> (5 bytes)
Event: 33.929 Thread 0x059c2400 nmethod 299 0x02bd9508 code [0x02bd9600, 0x02bd9680]

GC Heap History (10 events):
Event: 15.583 GC heap before
{Heap before GC invocations=1 (full 0):
 def new generation   total 4928K, used 4928K [0x0fc00000, 0x10150000, 0x15150000)
  eden space 4416K, 100% used [0x0fc00000, 0x10050000, 0x10050000)
  from space 512K, 100% used [0x100d0000, 0x10150000, 0x10150000)
  to   space 512K,   0% used [0x10050000, 0x10050000, 0x100d0000)
 tenured generation   total 10944K, used 972K [0x15150000, 0x15c00000, 0x1fc00000)
   the space 10944K,   8% used [0x15150000, 0x152430e8, 0x15243200, 0x15c00000)
 Metaspace       used 2835K, capacity 2975K, committed 3008K, reserved 4480K
Event: 15.585 GC heap after
Heap after GC invocations=2 (full 0):
 def new generation   total 4928K, used 497K [0x0fc00000, 0x10150000, 0x15150000)
  eden space 4416K,   0% used [0x0fc00000, 0x0fc00000, 0x10050000)
  from space 512K,  97% used [0x10050000, 0x100cc530, 0x100d0000)
  to   space 512K,   0% used [0x100d0000, 0x100d0000, 0x10150000)
 tenured generation   total 10944K, used 1228K [0x15150000, 0x15c00000, 0x1fc00000)
   the space 10944K,  11% used [0x15150000, 0x152831a8, 0x15283200, 0x15c00000)
 Metaspace       used 2835K, capacity 2975K, committed 3008K, reserved 4480K
}
Event: 15.595 GC heap before
{Heap before GC invocations=2 (full 0):
 def new generation   total 4928K, used 4915K [0x0fc00000, 0x10150000, 0x15150000)
  eden space 4416K, 100% used [0x0fc00000, 0x10050000, 0x10050000)
  from space 512K,  97% used [0x10050000, 0x100cced8, 0x100d0000)
  to   space 512K,   0% used [0x100d0000, 0x100d0000, 0x10150000)
 tenured generation   total 10944K, used 1228K [0x15150000, 0x15c00000, 0x1fc00000)
   the space 10944K,  11% used [0x15150000, 0x152831a8, 0x15283200, 0x15c00000)
 Metaspace       used 2866K, capacity 3039K, committed 3136K, reserved 4480K
Event: 15.596 GC heap after
Heap after GC invocations=3 (full 0):
 def new generation   total 4928K, used 66K [0x0fc00000, 0x10150000, 0x15150000)
  eden space 4416K,   0% used [0x0fc00000, 0x0fc00000, 0x10050000)
  from space 512K,  12% used [0x100d0000, 0x100e09c8, 0x10150000)
  to   space 512K,   0% used [0x10050000, 0x10050000, 0x100d0000)
 tenured generation   total 10944K, used 1608K [0x15150000, 0x15c00000, 0x1fc00000)
   the space 10944K,  14% used [0x15150000, 0x152e22a8, 0x152e2400, 0x15c00000)
 Metaspace       used 2866K, capacity 3039K, committed 3136K, reserved 4480K
}
Event: 15.597 GC heap before
{Heap before GC invocations=3 (full 0):
 def new generation   total 4928K, used 154K [0x0fc00000, 0x10150000, 0x15150000)
  eden space 4416K,   2% used [0x0fc00000, 0x0fc161b8, 0x10050000)
  from space 512K,  12% used [0x100d0000, 0x100e09c8, 0x10150000)
  to   space 512K,   0% used [0x10050000, 0x10050000, 0x100d0000)
 tenured generation   total 10944K, used 1608K [0x15150000, 0x15c00000, 0x1fc00000)
   the space 10944K,  14% used [0x15150000, 0x152e22a8, 0x152e2400, 0x15c00000)
 Metaspace       used 2866K, capacity 3039K, committed 3136K, reserved 4480K
Event: 15.597 GC heap after
Heap after GC invocations=4 (full 0):
 def new generation   total 4928K, used 43K [0x0fc00000, 0x10150000, 0x15150000)
  eden space 4416K,   0% used [0x0fc00000, 0x0fc00000, 0x10050000)
  from space 512K,   8% used [0x10050000, 0x1005ac98, 0x100d0000)
  to   space 512K,   0% used [0x100d0000, 0x100d0000, 0x10150000)
 tenured generation   total 10944K, used 1608K [0x15150000, 0x15c00000, 0x1fc00000)
   the space 10944K,  14% used [0x15150000, 0x152e22a8, 0x152e2400, 0x15c00000)
 Metaspace       used 2866K, capacity 3039K, committed 3136K, reserved 4480K
}
Event: 15.650 GC heap before
{Heap before GC invocations=4 (full 0):
 def new generation   total 4928K, used 4459K [0x0fc00000, 0x10150000, 0x15150000)
  eden space 4416K, 100% used [0x0fc00000, 0x10050000, 0x10050000)
  from space 512K,   8% used [0x10050000, 0x1005ac98, 0x100d0000)
  to   space 512K,   0% used [0x100d0000, 0x100d0000, 0x10150000)
 tenured generation   total 10944K, used 1608K [0x15150000, 0x15c00000, 0x1fc00000)
   the space 10944K,  14% used [0x15150000, 0x152e22a8, 0x152e2400, 0x15c00000)
 Metaspace       used 3539K, capacity 3714K, committed 3776K, reserved 4480K
Event: 15.653 GC heap after
Heap after GC invocations=5 (full 0):
 def new generation   total 4928K, used 512K [0x0fc00000, 0x10150000, 0x15150000)
  eden space 4416K,   0% used [0x0fc00000, 0x0fc00000, 0x10050000)
  from space 512K, 100% used [0x100d0000, 0x10150000, 0x10150000)
  to   space 512K,   0% used [0x10050000, 0x10050000, 0x100d0000)
 tenured generation   total 10944K, used 1727K [0x15150000, 0x15c00000, 0x1fc00000)
   the space 10944K,  15% used [0x15150000, 0x152fffd8, 0x15300000, 0x15c00000)
 Metaspace       used 3539K, capacity 3714K, committed 3776K, reserved 4480K
}
Event: 15.919 GC heap before
{Heap before GC invocations=5 (full 0):
 def new generation   total 4928K, used 4928K [0x0fc00000, 0x10150000, 0x15150000)
  eden space 4416K, 100% used [0x0fc00000, 0x10050000, 0x10050000)
  from space 512K, 100% used [0x100d0000, 0x10150000, 0x10150000)
  to   space 512K,   0% used [0x10050000, 0x10050000, 0x100d0000)
 tenured generation   total 10944K, used 1727K [0x15150000, 0x15c00000, 0x1fc00000)
   the space 10944K,  15% used [0x15150000, 0x152fffd8, 0x15300000, 0x15c00000)
 Metaspace       used 4225K, capacity 4428K, committed 4480K, reserved 4480K
Event: 15.921 GC heap after
Heap after GC invocations=6 (full 0):
 def new generation   total 4928K, used 274K [0x0fc00000, 0x10150000, 0x15150000)
  eden space 4416K,   0% used [0x0fc00000, 0x0fc00000, 0x10050000)
  from space 512K,  53% used [0x10050000, 0x100949c0, 0x100d0000)
  to   space 512K,   0% used [0x100d0000, 0x100d0000, 0x10150000)
 tenured generation   total 10944K, used 2055K [0x15150000, 0x15c00000, 0x1fc00000)
   the space 10944K,  18% used [0x15150000, 0x15351fc0, 0x15352000, 0x15c00000)
 Metaspace       used 4225K, capacity 4428K, committed 4480K, reserved 4480K
}

Deoptimization events (0 events):
No events

Classes redefined (0 events):
No events

Internal exceptions (10 events):
Event: 0.242 Thread 0x00e0e400 Exception <a 'java/security/PrivilegedActionException'> (0x0fe4d570) thrown at [C:\re\workspace\8-2-build-windows-i586-cygwin\jdk8u201\12322\hotspot\src\share\vm\prims\jvm.cpp, line 1502]
Event: 0.242 Thread 0x00e0e400 Exception <a 'java/security/PrivilegedActionException'> (0x0fe4d770) thrown at [C:\re\workspace\8-2-build-windows-i586-cygwin\jdk8u201\12322\hotspot\src\share\vm\prims\jvm.cpp, line 1502]
Event: 0.244 Thread 0x00e0e400 Exception <a 'java/security/PrivilegedActionException'> (0x0fe8d868) thrown at [C:\re\workspace\8-2-build-windows-i586-cygwin\jdk8u201\12322\hotspot\src\share\vm\prims\jvm.cpp, line 1502]
Event: 0.244 Thread 0x00e0e400 Exception <a 'java/security/PrivilegedActionException'> (0x0fe8da68) thrown at [C:\re\workspace\8-2-build-windows-i586-cygwin\jdk8u201\12322\hotspot\src\share\vm\prims\jvm.cpp, line 1502]
Event: 0.352 Thread 0x00e0e400 Exception <a 'java/lang/NoSuchFieldError': method resolution failed> (0x0ff32040) thrown at [C:\re\workspace\8-2-build-windows-i586-cygwin\jdk8u201\12322\hotspot\src\share\vm\prims\methodHandles.cpp, line 1167]
Event: 0.354 Thread 0x00e0e400 Exception <a 'java/lang/NoSuchFieldError': method resolution failed> (0x0ff3ecc8) thrown at [C:\re\workspace\8-2-build-windows-i586-cygwin\jdk8u201\12322\hotspot\src\share\vm\prims\methodHandles.cpp, line 1167]
Event: 15.578 Thread 0x05c36000 Exception <a 'java/security/PrivilegedActionException'> (0x10026a28) thrown at [C:\re\workspace\8-2-build-windows-i586-cygwin\jdk8u201\12322\hotspot\src\share\vm\prims\jvm.cpp, line 1502]
Event: 15.578 Thread 0x05c36000 Exception <a 'java/security/PrivilegedActionException'> (0x10026c28) thrown at [C:\re\workspace\8-2-build-windows-i586-cygwin\jdk8u201\12322\hotspot\src\share\vm\prims\jvm.cpp, line 1502]
Event: 15.579 Thread 0x05c36000 Exception <a 'java/security/PrivilegedActionException'> (0x1002aee0) thrown at [C:\re\workspace\8-2-build-windows-i586-cygwin\jdk8u201\12322\hotspot\src\share\vm\prims\jvm.cpp, line 1502]
Event: 15.579 Thread 0x05c36000 Exception <a 'java/security/PrivilegedActionException'> (0x1002b0e0) thrown at [C:\re\workspace\8-2-build-windows-i586-cygwin\jdk8u201\12322\hotspot\src\share\vm\prims\jvm.cpp, line 1502]

Events (10 events):
Event: 34.324 Thread 0x05c5f000 Thread exited: 0x05c5f000
Event: 34.324 Thread 0x05c5d000 Thread exited: 0x05c5d000
Event: 34.324 Executing VM operation: RevokeBias
Event: 34.324 Executing VM operation: RevokeBias done
Event: 34.324 Executing VM operation: RevokeBias
Event: 34.325 Executing VM operation: RevokeBias done
Event: 34.325 Thread 0x05c5b400 Thread exited: 0x05c5b400
Event: 34.325 Thread 0x05b45c00 Thread exited: 0x05b45c00
Event: 34.325 Thread 0x05c59800 Thread exited: 0x05c59800
Event: 34.325 Executing VM operation: RevokeBias


Dynamic libraries:
0x001c0000 - 0x001f3000 	C:\Program Files (x86)\Java\jdk1.8.0_201\bin\java.exe
0x77170000 - 0x7730c000 	C:\WINDOWS\SYSTEM32\ntdll.dll
0x76900000 - 0x769e0000 	C:\WINDOWS\System32\KERNEL32.DLL
0x761b0000 - 0x763aa000 	C:\WINDOWS\System32\KERNELBASE.dll
0x6fdc0000 - 0x6fe5c000 	C:\WINDOWS\SYSTEM32\apphelp.dll
0x76130000 - 0x761ae000 	C:\WINDOWS\System32\ADVAPI32.dll
0x75cc0000 - 0x75d80000 	C:\WINDOWS\System32\msvcrt.dll
0x76520000 - 0x76599000 	C:\WINDOWS\System32\sechost.dll
0x75f00000 - 0x75fbf000 	C:\WINDOWS\System32\RPCRT4.dll
0x747d0000 - 0x747f0000 	C:\WINDOWS\System32\SspiCli.dll
0x747c0000 - 0x747ca000 	C:\WINDOWS\System32\CRYPTBASE.dll
0x75a20000 - 0x75a82000 	C:\WINDOWS\System32\bcryptPrimitives.dll
0x75a90000 - 0x75c29000 	C:\WINDOWS\System32\USER32.dll
0x76d80000 - 0x76d97000 	C:\WINDOWS\System32\win32u.dll
0x747f0000 - 0x74813000 	C:\WINDOWS\System32\GDI32.dll
0x76f70000 - 0x770d6000 	C:\WINDOWS\System32\gdi32full.dll
0x770e0000 - 0x77160000 	C:\WINDOWS\System32\msvcp_win.dll
0x767d0000 - 0x768f2000 	C:\WINDOWS\System32\ucrtbase.dll
0x6e5f0000 - 0x6e7ff000 	C:\WINDOWS\WinSxS\x86_microsoft.windows.common-controls_6595b64144ccf1df_6.0.17763.737_none_4d637a531b9a7e51\COMCTL32.dll
0x76b00000 - 0x76d78000 	C:\WINDOWS\System32\combase.dll
0x759f0000 - 0x75a15000 	C:\WINDOWS\System32\IMM32.DLL
0x70640000 - 0x706ff000 	C:\Program Files (x86)\Java\jdk1.8.0_201\jre\bin\msvcr100.dll
0x073d0000 - 0x077a5000 	C:\Program Files (x86)\Java\jdk1.8.0_201\jre\bin\client\jvm.dll
0x76e00000 - 0x76e06000 	C:\WINDOWS\System32\PSAPI.DLL
0x73f80000 - 0x73f88000 	C:\WINDOWS\SYSTEM32\WSOCK32.dll
0x74790000 - 0x747b4000 	C:\WINDOWS\SYSTEM32\WINMM.dll
0x76da0000 - 0x76dff000 	C:\WINDOWS\System32\WS2_32.dll
0x736b0000 - 0x736b8000 	C:\WINDOWS\SYSTEM32\VERSION.dll
0x74760000 - 0x74783000 	C:\WINDOWS\SYSTEM32\WINMMBASE.dll
0x74ee0000 - 0x74f1b000 	C:\WINDOWS\System32\cfgmgr32.dll
0x71700000 - 0x7170c000 	C:\Program Files (x86)\Java\jdk1.8.0_201\jre\bin\verify.dll
0x70610000 - 0x70631000 	C:\Program Files (x86)\Java\jdk1.8.0_201\jre\bin\java.dll
0x686c0000 - 0x686eb000 	C:\Program Files (x86)\Java\jdk1.8.0_201\jre\bin\jdwp.dll
0x687a0000 - 0x687a7000 	C:\Program Files (x86)\Java\jdk1.8.0_201\jre\bin\npt.dll
0x0fae0000 - 0x0fb00000 	C:\Program Files (x86)\Java\jdk1.8.0_201\jre\bin\instrument.dll
0x705f0000 - 0x70604000 	C:\Program Files (x86)\Java\jdk1.8.0_201\jre\bin\zip.dll
0x74910000 - 0x74e61000 	C:\WINDOWS\System32\SHELL32.dll
0x75c30000 - 0x75cb9000 	C:\WINDOWS\System32\shcore.dll
0x74f90000 - 0x7558c000 	C:\WINDOWS\System32\windows.storage.dll
0x75da0000 - 0x75dbc000 	C:\WINDOWS\System32\profapi.dll
0x763b0000 - 0x76404000 	C:\WINDOWS\System32\powrprof.dll
0x76420000 - 0x76464000 	C:\WINDOWS\System32\shlwapi.dll
0x76510000 - 0x7651f000 	C:\WINDOWS\System32\kernel.appcore.dll
0x74f70000 - 0x74f82000 	C:\WINDOWS\System32\cryptsp.dll
0x523d0000 - 0x523d8000 	C:\Program Files (x86)\Java\jdk1.8.0_201\jre\bin\dt_socket.dll
0x72d20000 - 0x72d72000 	C:\WINDOWS\system32\mswsock.dll
0x72ca0000 - 0x72ccf000 	C:\WINDOWS\system32\rsaenh.dll
0x75d80000 - 0x75d99000 	C:\WINDOWS\System32\bcrypt.dll
0x73fc0000 - 0x73fe3000 	C:\WINDOWS\SYSTEM32\USERENV.dll
0x68a80000 - 0x68a95000 	C:\Program Files (x86)\Java\jdk1.8.0_201\jre\bin\net.dll
0x73dc0000 - 0x73f7d000 	C:\WINDOWS\SYSTEM32\urlmon.dll
0x731f0000 - 0x7341f000 	C:\WINDOWS\SYSTEM32\iertutil.dll
0x73cf0000 - 0x73d23000 	C:\WINDOWS\SYSTEM32\IPHLPAPI.DLL
0x74e70000 - 0x74e77000 	C:\WINDOWS\System32\NSI.dll
0x71e70000 - 0x71e83000 	C:\WINDOWS\SYSTEM32\dhcpcsvc6.DLL
0x72bc0000 - 0x72bd4000 	C:\WINDOWS\SYSTEM32\dhcpcsvc.DLL
0x724d0000 - 0x72560000 	C:\WINDOWS\SYSTEM32\DNSAPI.dll
0x701a0000 - 0x701af000 	C:\Program Files (x86)\Java\jdk1.8.0_201\jre\bin\nio.dll
0x6c200000 - 0x6c2bc000 	C:\Users\caigd\AppData\Local\Temp\sqlite-3.28.0-08513635-d10c-4621-80ae-12bad1e405f5-sqlitejdbc.dll
0x72560000 - 0x726ef000 	C:\WINDOWS\SYSTEM32\dbghelp.dll

VM Arguments:
jvm_args: -agentlib:jdwp=transport=dt_socket,address=127.0.0.1:54563,suspend=y,server=n -javaagent:C:\Users\caigd\.IntelliJIdea2018.2\system\captureAgent\debugger-agent.jar=file:/C:/Users/caigd/AppData/Local/Temp/capture7638.props -Dfile.encoding=UTF-8 
java_command: cn.caigd.learn.sqlite.TransactionApp
java_class_path (initial): C:\Program Files (x86)\Java\jdk1.8.0_201\jre\lib\charsets.jar;C:\Program Files (x86)\Java\jdk1.8.0_201\jre\lib\deploy.jar;C:\Program Files (x86)\Java\jdk1.8.0_201\jre\lib\ext\access-bridge-32.jar;C:\Program Files (x86)\Java\jdk1.8.0_201\jre\lib\ext\cldrdata.jar;C:\Program Files (x86)\Java\jdk1.8.0_201\jre\lib\ext\dnsns.jar;C:\Program Files (x86)\Java\jdk1.8.0_201\jre\lib\ext\jaccess.jar;C:\Program Files (x86)\Java\jdk1.8.0_201\jre\lib\ext\jfxrt.jar;C:\Program Files (x86)\Java\jdk1.8.0_201\jre\lib\ext\localedata.jar;C:\Program Files (x86)\Java\jdk1.8.0_201\jre\lib\ext\nashorn.jar;C:\Program Files (x86)\Java\jdk1.8.0_201\jre\lib\ext\sunec.jar;C:\Program Files (x86)\Java\jdk1.8.0_201\jre\lib\ext\sunjce_provider.jar;C:\Program Files (x86)\Java\jdk1.8.0_201\jre\lib\ext\sunmscapi.jar;C:\Program Files (x86)\Java\jdk1.8.0_201\jre\lib\ext\sunpkcs11.jar;C:\Program Files (x86)\Java\jdk1.8.0_201\jre\lib\ext\zipfs.jar;C:\Program Files (x86)\Java\jdk1.8.0_201\jre\lib\javaws.jar;C:\Program Files (x86)\Java\jdk1.8.0_201\jre\lib\jce.jar;C:\Program Files (x86)\Java\jdk1.8.0_201\jre\lib\jfr.jar;C:\Program Files (x86)\Java\jdk1.8.0_201\jre\lib\jfxswt.jar;C:\Program Files (x86)\Java\jdk1.8.0_201\jre\lib\jsse.jar;C:\Program Files (x86)\Java\jdk1.8.0_201\jre\lib\management-agent.jar;C:\Program Files (x86)\Java\jdk1.8.0_201\jre\lib\plugin.jar;C:\Program Files (x86)\Java\jdk1.8.0_201\jre\lib\resources.jar;C:\Program Files (x86)\Java\jdk1.8.0_201\jre\lib\rt.jar;D:\workspace\learn\target\classes;C:\Users\caigd\.m2\repository\org\roaringbitmap\RoaringBitmap\0.7.5\RoaringBitmap-0.7.5.jar;C:\Users\caigd\.m2\repository\org\springframework\boot\spring-boot-starter\2.0.4.RELEASE\spring-boot-starter-2.0.4.RELEASE.jar;C:\Users\caigd\.m2\repository\org\springframework\boot\spring-boot\2.0.4.RELEASE\spring-boot-2.0.4.RELEASE.jar;C:\Users\caigd\.m2\repository\org\springframework\spring-context\5.0.8.RELEASE\spring-context-5.0.8.RELEASE.jar;C:\Users\caigd\.m2\repository\org\s
Launcher Type: SUN_STANDARD

Environment Variables:
JAVA_HOME=C:\Program Files (x86)\Java\jdk1.8.0_201
CLASSPATH=.;.;.;C:\PROGRA~2\JMF21~1.1E\lib\sound.jar;C:\PROGRA~2\JMF21~1.1E\lib\jmf.jar;C:\PROGRA~2\JMF21~1.1E\lib;
PATH=C:\ProgramData\DockerDesktop\version-bin;C:\Program Files\Docker\Docker\Resources\bin;C:\Program Files (x86)\Common Files\Oracle\Java\javapath;C:\WINDOWS\system32;C:\WINDOWS;C:\WINDOWS\System32\Wbem;C:\WINDOWS\System32\WindowsPowerShell\v1.0\;C:\Program Files (x86)\Java\jdk1.8.0_201\bin;C:\Program Files (x86)\Java\jdk1.8.0_201\jre\bin;C:\Program Files\OpenVPN\bin;C:\Program Files\Git\cmd;C:\WINDOWS\System32\OpenSSH\;C:\Program Files\MySQL\MySQL Utilities 1.6\;C:\spark-2.3.1-bin-hadoop2.7\bin;C:\Program Files (x86)\Tesseract-OCR;D:\Program Files\Redis\;D:\workspace\zookeeper-3.4.10\zookeeper-3.4.10\bin;D:\ffmpeg-20190227-85051fe-win64-static\ffmpeg-20190227-85051fe-win64-static\bin\;C:\Program Files\nodejs\;C:\Program Files\OpenSSL-Win64\bin;D:\Program Files (x86)\Yarn\bin\;C:\Go\bin;C:\Program Files (x86)\scala\bin;C:\ProgramData\chocolatey\bin;C:\MinGW\bin;C:\btrace-bin-1.3.11.3\bin;C:\protoc-2.6.1-win32\;C:\flutter\bin;D:\Anaconda3;D:\Anaconda3\Library\mingw-w64\bin;D:\Anaconda3\Library\usr\bin;D:\Anaconda3\Library\bin;D:\Anaconda3\Scripts;C:\Users\caigd\.cargo\bin;D:\Ruby25-x64\bin;C:\Python\Python36\Scripts\;C:\Python\Python36\;C:\Users\caigd\AppData\Local\Microsoft\WindowsApps;D:\software\Microsoft VS Code\bin;C:\Users\caigd\AppData\Roaming\npm;C:\Users\caigd\AppData\Local\Yarn\bin;C:\Users\caigd\go\bin;C:\Users\caigd\.lein\bin
USERNAME=caigd
OS=Windows_NT
PROCESSOR_IDENTIFIER=Intel64 Family 6 Model 158 Stepping 9, GenuineIntel



---------------  S Y S T E M  ---------------

OS: Windows 10.0 , 64 bit Build 17763 (10.0.17763.475)

CPU:total 4 (initial active 4) (4 cores per cpu, 1 threads per core) family 6 model 158 stepping 9, cmov, cx8, fxsr, mmx, sse, sse2, sse3, ssse3, sse4.1, sse4.2, popcnt, avx, avx2, aes, clmul, erms, rtm, 3dnowpref, lzcnt, tsc, tscinvbit, bmi1, bmi2, adx

Memory: 4k page, physical 16638056k(5319192k free), swap 31318120k(11329300k free)

vm_info: Java HotSpot(TM) Client VM (25.201-b09) for windows-x86 JRE (1.8.0_201-b09), built on Dec 16 2018 00:13:48 by "java_re" with MS VC++ 10.0 (VS2010)

time: Mon Sep 16 15:29:44 2019
timezone: 中国标准时间
elapsed time: 34 seconds (0d 0h 0m 34s)

