#
# A fatal error has been detected by the Java Runtime Environment:
#
#  EXCEPTION_ACCESS_VIOLATION (0xc0000005) at pc=0x771bfe05, pid=5364, tid=0x00003374
#
# JRE version: Java(TM) SE Runtime Environment (8.0_201-b09) (build 1.8.0_201-b09)
# Java VM: Java HotSpot(TM) Client VM (25.201-b09 mixed mode windows-x86 )
# Problematic frame:
# C  [ntdll.dll+0x4fe05]
#
# Failed to write core dump. Minidumps are not enabled by default on client versions of Windows
#
# If you would like to submit a bug report, please visit:
#   http://bugreport.java.com/bugreport/crash.jsp
# The crash happened outside the Java Virtual Machine in native code.
# See problematic frame for where to report the bug.
#

---------------  T H R E A D  ---------------

Current thread (0x0681ac00):  JavaThread "Thread-5" [_thread_in_native, id=13172, stack(0x07350000,0x073a0000)]

siginfo: ExceptionCode=0xc0000005, writing address 0x65736e6d

Registers:
EAX=0x65736e6d, EBX=0x06f46c20, ECX=0x65736e69, EDX=0x0102f000
ESP=0x0739f628, EBP=0x0739f628, ESI=0x06f43d40, EDI=0x0681ac00
EIP=0x771bfe05, EFLAGS=0x00010206

Top of Stack: (sp=0x0739f628)
0x0739f628:   0739f648 6c20b0ff 65736e69 1011f518
0x0739f638:   00000002 0739f668 0681ac00 0739f668
0x0739f648:   0739f678 6c251cd6 65736e69 0681ac00
0x0739f658:   05868868 0739f65c 05aa2dce 05aa2dce
0x0739f668:   0739f680 075493ae 05868868 05868868
0x0739f678:   0739f698 6c2028fe 06f46c20 0739f6ac
0x0739f688:   0744e618 0681ac00 00000006 00000008
0x0739f698:   0739f6e8 03524e7a 0681ad40 0739f700 

Instructions: (pc=0x771bfe05)
0x771bfde5:   cc cc cc cc cc cc cc cc cc cc cc 8b ff 55 8b ec
0x771bfdf5:   83 e4 f8 8b 4d 08 64 8b 15 18 00 00 00 8d 41 04
0x771bfe05:   f0 0f ba 30 00 73 15 8b 42 24 89 41 0c 33 c0 c7
0x771bfe15:   41 08 01 00 00 00 8b e5 5d c2 04 00 8b 41 0c 3b 


Register to memory mapping:

EAX=0x65736e6d is an unknown value
EBX=0x06f46c20 is an unknown value
ECX=0x65736e69 is an unknown value
EDX=0x0102f000 is an unknown value
ESP=0x0739f628 is pointing into the stack for thread: 0x0681ac00
EBP=0x0739f628 is pointing into the stack for thread: 0x0681ac00
ESI=0x06f43d40 is an unknown value
EDI=0x0681ac00 is a thread


Stack: [0x07350000,0x073a0000],  sp=0x0739f628,  free space=317k
Native frames: (J=compiled Java code, j=interpreted, Vv=VM code, C=native code)
C  [ntdll.dll+0x4fe05]
C  [sqlite-3.28.0-fda8712e-9e53-43e3-becc-81a61ec389a5-sqlitejdbc.dll+0xb0ff]
C  [sqlite-3.28.0-fda8712e-9e53-43e3-becc-81a61ec389a5-sqlitejdbc.dll+0x51cd6]
C  [sqlite-3.28.0-fda8712e-9e53-43e3-becc-81a61ec389a5-sqlitejdbc.dll+0x28fe]
j  org.sqlite.core.NativeDB.reset(J)I+0
j  org.sqlite.jdbc3.JDBC3PreparedStatement.executeQuery()Ljava/sql/ResultSet;+39
j  org.sqlite.jdbc3.JDBC3DatabaseMetaData.getGeneratedKeys()Ljava/sql/ResultSet;+25
j  org.sqlite.jdbc3.JDBC3Statement.getGeneratedKeys()Ljava/sql/ResultSet;+7
j  cn.caigd.learn.sqlite.TransactionApp.addInventory(Ljava/lang/String;ID)V+132
j  cn.caigd.learn.sqlite.TransactionApp.lambda$main$0(Lcn/caigd/learn/sqlite/TransactionApp;)V+7
j  cn.caigd.learn.sqlite.TransactionApp$$Lambda$1.run()V+4
j  java.lang.Thread.run()V+11
v  ~StubRoutines::call_stub
V  [jvm.dll+0x15c215]
V  [jvm.dll+0x22512e]
V  [jvm.dll+0x15c2ae]
V  [jvm.dll+0x15c436]
V  [jvm.dll+0x15c4a7]
V  [jvm.dll+0x1001df]
V  [jvm.dll+0x17f590]
V  [jvm.dll+0x17fe0a]
V  [jvm.dll+0x1c6a76]
C  [msvcr100.dll+0x5c556]
C  [msvcr100.dll+0x5c600]
C  [KERNEL32.DLL+0x20419]
C  [ntdll.dll+0x6662d]
C  [ntdll.dll+0x665fd]
C  0x00000000

Java frames: (J=compiled Java code, j=interpreted, Vv=VM code)
j  org.sqlite.core.NativeDB.reset(J)I+0
j  org.sqlite.jdbc3.JDBC3PreparedStatement.executeQuery()Ljava/sql/ResultSet;+39
j  org.sqlite.jdbc3.JDBC3DatabaseMetaData.getGeneratedKeys()Ljava/sql/ResultSet;+25
j  org.sqlite.jdbc3.JDBC3Statement.getGeneratedKeys()Ljava/sql/ResultSet;+7
j  cn.caigd.learn.sqlite.TransactionApp.addInventory(Ljava/lang/String;ID)V+132
j  cn.caigd.learn.sqlite.TransactionApp.lambda$main$0(Lcn/caigd/learn/sqlite/TransactionApp;)V+7
j  cn.caigd.learn.sqlite.TransactionApp$$Lambda$1.run()V+4
j  java.lang.Thread.run()V+11
v  ~StubRoutines::call_stub

---------------  P R O C E S S  ---------------

Java Threads: ( => current thread )
  0x068bf400 JavaThread "DestroyJavaVM" [_thread_blocked, id=18364, stack(0x01410000,0x01460000)]
  0x068bf000 JavaThread "Thread-99" [_thread_blocked, id=22456, stack(0x0ac40000,0x0ac90000)]
  0x06893800 JavaThread "Thread-98" [_thread_blocked, id=22144, stack(0x0abb0000,0x0ac00000)]
  0x06892c00 JavaThread "Thread-97" [_thread_blocked, id=19796, stack(0x0ab20000,0x0ab70000)]
  0x06892000 JavaThread "Thread-96" [_thread_blocked, id=12876, stack(0x0aa90000,0x0aae0000)]
  0x06891400 JavaThread "Thread-95" [_thread_blocked, id=13516, stack(0x0aa00000,0x0aa50000)]
  0x06890c00 JavaThread "Thread-94" [_thread_blocked, id=2872, stack(0x0a970000,0x0a9c0000)]
  0x06890800 JavaThread "Thread-93" [_thread_blocked, id=17344, stack(0x0a8e0000,0x0a930000)]
  0x06890000 JavaThread "Thread-92" [_thread_blocked, id=20120, stack(0x0a850000,0x0a8a0000)]
  0x06892400 JavaThread "Thread-91" [_thread_blocked, id=2316, stack(0x0a7c0000,0x0a810000)]
  0x0688e800 JavaThread "Thread-90" [_thread_blocked, id=21728, stack(0x0a730000,0x0a780000)]
  0x0688e000 JavaThread "Thread-89" [_thread_blocked, id=21500, stack(0x0a6a0000,0x0a6f0000)]
  0x0688f800 JavaThread "Thread-88" [_thread_blocked, id=12104, stack(0x0a610000,0x0a660000)]
  0x06891800 JavaThread "Thread-87" [_thread_blocked, id=20020, stack(0x0a580000,0x0a5d0000)]
  0x0688dc00 JavaThread "Thread-86" [_thread_blocked, id=18716, stack(0x0a4f0000,0x0a540000)]
  0x06895000 JavaThread "Thread-85" [_thread_blocked, id=21456, stack(0x0a460000,0x0a4b0000)]
  0x0688f400 JavaThread "Thread-84" [_thread_blocked, id=20872, stack(0x0a3d0000,0x0a420000)]
  0x06894c00 JavaThread "Thread-83" [_thread_blocked, id=18324, stack(0x0a340000,0x0a390000)]
  0x06893400 JavaThread "Thread-82" [_thread_blocked, id=8888, stack(0x0a2b0000,0x0a300000)]
  0x06894400 JavaThread "Thread-81" [_thread_blocked, id=11180, stack(0x0a220000,0x0a270000)]
  0x06894000 JavaThread "Thread-80" [_thread_blocked, id=13240, stack(0x0a190000,0x0a1e0000)]
  0x0688ec00 JavaThread "Thread-79" [_thread_blocked, id=19584, stack(0x0a100000,0x0a150000)]
  0x06874000 JavaThread "Thread-78" [_thread_blocked, id=5888, stack(0x0a070000,0x0a0c0000)]
  0x06874c00 JavaThread "Thread-77" [_thread_blocked, id=21676, stack(0x09fe0000,0x0a030000)]
  0x06875800 JavaThread "Thread-76" [_thread_blocked, id=8512, stack(0x09f50000,0x09fa0000)]
  0x06876c00 JavaThread "Thread-75" [_thread_blocked, id=20432, stack(0x09ec0000,0x09f10000)]
  0x0687a800 JavaThread "Thread-74" [_thread_blocked, id=12576, stack(0x09e30000,0x09e80000)]
  0x06876400 JavaThread "Thread-73" [_thread_blocked, id=20548, stack(0x09da0000,0x09df0000)]
  0x06873800 JavaThread "Thread-72" [_thread_blocked, id=15124, stack(0x09d10000,0x09d60000)]
  0x06874400 JavaThread "Thread-71" [_thread_blocked, id=22040, stack(0x09c80000,0x09cd0000)]
  0x0687a400 JavaThread "Thread-70" [_thread_blocked, id=20860, stack(0x09bf0000,0x09c40000)]
  0x06878400 JavaThread "Thread-69" [_thread_blocked, id=3464, stack(0x09b60000,0x09bb0000)]
  0x06877800 JavaThread "Thread-68" [_thread_blocked, id=18036, stack(0x09ad0000,0x09b20000)]
  0x06873400 JavaThread "Thread-67" [_thread_blocked, id=5856, stack(0x09a40000,0x09a90000)]
  0x06879c00 JavaThread "Thread-66" [_thread_blocked, id=21980, stack(0x099b0000,0x09a00000)]
  0x06877000 JavaThread "Thread-65" [_thread_blocked, id=22004, stack(0x09920000,0x09970000)]
  0x06876000 JavaThread "Thread-64" [_thread_blocked, id=4324, stack(0x09890000,0x098e0000)]
  0x06879800 JavaThread "Thread-63" [_thread_blocked, id=8348, stack(0x09800000,0x09850000)]
  0x06875000 JavaThread "Thread-62" [_thread_blocked, id=19672, stack(0x09770000,0x097c0000)]
  0x06877c00 JavaThread "Thread-61" [_thread_blocked, id=21044, stack(0x096e0000,0x09730000)]
  0x06879000 JavaThread "Thread-60" [_thread_blocked, id=19332, stack(0x09650000,0x096a0000)]
  0x06878c00 JavaThread "Thread-59" [_thread_blocked, id=21340, stack(0x095c0000,0x09610000)]
  0x0685d800 JavaThread "Thread-58" [_thread_blocked, id=3788, stack(0x09530000,0x09580000)]
  0x0685b800 JavaThread "Thread-57" [_thread_blocked, id=9260, stack(0x094a0000,0x094f0000)]
  0x0685b000 JavaThread "Thread-56" [_thread_blocked, id=8732, stack(0x09410000,0x09460000)]
  0x0685ac00 JavaThread "Thread-55" [_thread_blocked, id=21880, stack(0x09380000,0x093d0000)]
  0x06858400 JavaThread "Thread-54" [_thread_blocked, id=5324, stack(0x092f0000,0x09340000)]
  0x0685a400 JavaThread "Thread-53" [_thread_blocked, id=18460, stack(0x09260000,0x092b0000)]
  0x06859800 JavaThread "Thread-52" [_thread_blocked, id=20108, stack(0x091d0000,0x09220000)]
  0x06859000 JavaThread "Thread-51" [_thread_blocked, id=16272, stack(0x09140000,0x09190000)]
  0x06858000 JavaThread "Thread-50" [_thread_blocked, id=19652, stack(0x090b0000,0x09100000)]
  0x0685dc00 JavaThread "Thread-49" [_thread_blocked, id=21260, stack(0x09020000,0x09070000)]
  0x06857800 JavaThread "Thread-48" [_thread_blocked, id=22372, stack(0x08f90000,0x08fe0000)]
  0x0685a000 JavaThread "Thread-47" [_thread_blocked, id=9224, stack(0x08f00000,0x08f50000)]
  0x0685e800 JavaThread "Thread-46" [_thread_blocked, id=15072, stack(0x08e70000,0x08ec0000)]
  0x06857400 JavaThread "Thread-45" [_thread_blocked, id=19812, stack(0x08de0000,0x08e30000)]
  0x06858c00 JavaThread "Thread-44" [_thread_blocked, id=20084, stack(0x08d50000,0x08da0000)]
  0x0685d000 JavaThread "Thread-43" [_thread_blocked, id=15820, stack(0x08cc0000,0x08d10000)]
  0x0685cc00 JavaThread "Thread-42" [_thread_blocked, id=18344, stack(0x08c30000,0x08c80000)]
  0x0685c400 JavaThread "Thread-41" [_thread_blocked, id=22484, stack(0x08ba0000,0x08bf0000)]
  0x0685e400 JavaThread "Thread-40" [_thread_blocked, id=22236, stack(0x08b10000,0x08b60000)]
  0x0685bc00 JavaThread "Thread-39" [_thread_blocked, id=7336, stack(0x08a80000,0x08ad0000)]
  0x0683ec00 JavaThread "Thread-38" [_thread_blocked, id=7244, stack(0x089f0000,0x08a40000)]
  0x0683e400 JavaThread "Thread-37" [_thread_blocked, id=19424, stack(0x08960000,0x089b0000)]
  0x0683e000 JavaThread "Thread-36" [_thread_blocked, id=20756, stack(0x088d0000,0x08920000)]
  0x0683d400 JavaThread "Thread-35" [_thread_blocked, id=21376, stack(0x08840000,0x08890000)]
  0x06844c00 JavaThread "Thread-34" [_thread_blocked, id=3912, stack(0x087b0000,0x08800000)]
  0x06842c00 JavaThread "Thread-33" [_thread_blocked, id=19396, stack(0x08720000,0x08770000)]
  0x06841800 JavaThread "Thread-32" [_thread_blocked, id=21812, stack(0x08690000,0x086e0000)]
  0x0683d800 JavaThread "Thread-31" [_thread_blocked, id=19180, stack(0x08600000,0x08650000)]
  0x06843c00 JavaThread "Thread-30" [_thread_blocked, id=21944, stack(0x08570000,0x085c0000)]
  0x0683f800 JavaThread "Thread-29" [_thread_blocked, id=20576, stack(0x084e0000,0x08530000)]
  0x06844400 JavaThread "Thread-28" [_thread_blocked, id=22324, stack(0x08450000,0x084a0000)]
  0x06840400 JavaThread "Thread-27" [_thread_blocked, id=10672, stack(0x083c0000,0x08410000)]
  0x06840c00 JavaThread "Thread-26" [_thread_blocked, id=21548, stack(0x08330000,0x08380000)]
  0x06840000 JavaThread "Thread-25" [_thread_blocked, id=21032, stack(0x082a0000,0x082f0000)]
  0x06842000 JavaThread "Thread-24" [_thread_blocked, id=10976, stack(0x08210000,0x08260000)]
  0x06843800 JavaThread "Thread-23" [_thread_blocked, id=2972, stack(0x08180000,0x081d0000)]
  0x0683f400 JavaThread "Thread-22" [_thread_blocked, id=17532, stack(0x080f0000,0x08140000)]
  0x06841000 JavaThread "Thread-21" [_thread_blocked, id=19572, stack(0x08060000,0x080b0000)]
  0x06842400 JavaThread "Thread-20" [_thread_blocked, id=4232, stack(0x07fd0000,0x08020000)]
  0x06843000 JavaThread "Thread-19" [_thread_blocked, id=18852, stack(0x07f40000,0x07f90000)]
  0x06829400 JavaThread "Thread-18" [_thread_blocked, id=18396, stack(0x07eb0000,0x07f00000)]
  0x06828c00 JavaThread "Thread-17" [_thread_blocked, id=8796, stack(0x07e20000,0x07e70000)]
  0x06828000 JavaThread "Thread-16" [_thread_blocked, id=21776, stack(0x07d90000,0x07de0000)]
  0x06827400 JavaThread "Thread-15" [_thread_blocked, id=20752, stack(0x07d00000,0x07d50000)]
  0x06826c00 JavaThread "Thread-14" [_thread_blocked, id=21056, stack(0x07c70000,0x07cc0000)]
  0x06826800 JavaThread "Thread-13" [_thread_blocked, id=19476, stack(0x07be0000,0x07c30000)]
  0x06828800 JavaThread "Thread-12" [_thread_blocked, id=13404, stack(0x07b50000,0x07ba0000)]
  0x06827800 JavaThread "Thread-11" [_thread_blocked, id=22016, stack(0x07ac0000,0x07b10000)]
  0x06829800 JavaThread "Thread-10" [_thread_blocked, id=21016, stack(0x07a30000,0x07a80000)]
  0x0682a000 JavaThread "Thread-9" [_thread_blocked, id=21752, stack(0x079a0000,0x079f0000)]
  0x0681e000 JavaThread "Thread-8" [_thread_blocked, id=18292, stack(0x07910000,0x07960000)]
  0x0681d800 JavaThread "Thread-7" [_thread_blocked, id=22392, stack(0x07880000,0x078d0000)]
  0x0681d000 JavaThread "Thread-6" [_thread_blocked, id=18652, stack(0x077f0000,0x07840000)]
=>0x0681ac00 JavaThread "Thread-5" [_thread_in_native, id=13172, stack(0x07350000,0x073a0000)]
  0x0681a400 JavaThread "Thread-4" [_thread_blocked, id=3040, stack(0x072c0000,0x07310000)]
  0x0681a000 JavaThread "Thread-3" [_thread_blocked, id=11924, stack(0x07230000,0x07280000)]
  0x06818000 JavaThread "Thread-2" [_thread_blocked, id=21528, stack(0x071a0000,0x071f0000)]
  0x06817c00 JavaThread "Thread-1" [_thread_blocked, id=21576, stack(0x07110000,0x07160000)]
  0x06679800 JavaThread "Service Thread" daemon [_thread_blocked, id=19404, stack(0x06e30000,0x06e80000)]
  0x06674c00 JavaThread "C1 CompilerThread0" daemon [_thread_blocked, id=21344, stack(0x06da0000,0x06df0000)]
  0x05b07000 JavaThread "JDWP Command Reader" daemon [_thread_in_native, id=19516, stack(0x06110000,0x06160000)]
  0x05b04000 JavaThread "JDWP Event Helper Thread" daemon [_thread_blocked, id=21600, stack(0x06080000,0x060d0000)]
  0x05af8400 JavaThread "JDWP Transport Listener: dt_socket" daemon [_thread_blocked, id=20960, stack(0x05ff0000,0x06040000)]
  0x05abfc00 JavaThread "Attach Listener" daemon [_thread_blocked, id=21976, stack(0x05f60000,0x05fb0000)]
  0x05abec00 JavaThread "Signal Dispatcher" daemon [_thread_blocked, id=21236, stack(0x05ed0000,0x05f20000)]
  0x05aa4000 JavaThread "Finalizer" daemon [_thread_blocked, id=11604, stack(0x05de0000,0x05e30000)]
  0x05a9e400 JavaThread "Reference Handler" daemon [_thread_blocked, id=20956, stack(0x05d50000,0x05da0000)]

Other Threads:
  0x0326d000 VMThread [stack: 0x05cc0000,0x05d10000] [id=19612]
  0x0667b400 WatcherThread [stack: 0x06ec0000,0x06f10000] [id=18288]

VM state:not at safepoint (normal execution)

VM Mutex/Monitor currently owned by a thread: None

Heap:
 def new generation   total 4928K, used 2940K [0x0fc00000, 0x10150000, 0x15150000)
  eden space 4416K,  60% used [0x0fc00000, 0x0fe98958, 0x10050000)
  from space 512K,  55% used [0x10050000, 0x10096a98, 0x100d0000)
  to   space 512K,   0% used [0x100d0000, 0x100d0000, 0x10150000)
 tenured generation   total 10944K, used 2010K [0x15150000, 0x15c00000, 0x1fc00000)
   the space 10944K,  18% used [0x15150000, 0x15346b48, 0x15346c00, 0x15c00000)
 Metaspace       used 4238K, capacity 4425K, committed 4480K, reserved 4480K

Card table byte_map: [0x05590000,0x05620000] byte_map_base: 0x05512000

Polling page: 0x013f0000

CodeCache: size=32768Kb used=974Kb max_used=974Kb free=31793Kb
 bounds [0x03510000, 0x03608000, 0x05510000]
 total_blobs=361 nmethods=201 adapters=99
 compilation: enabled

Compilation events (10 events):
Event: 8.048 Thread 0x06674c00  197             java.lang.StringCoding::deref (19 bytes)
Event: 8.049 Thread 0x06674c00 nmethod 197 0x03602d08 code [0x03602e10, 0x03602f2c]
Event: 8.049 Thread 0x06674c00  198             java.lang.StringCoding::access$000 (6 bytes)
Event: 8.049 Thread 0x06674c00 nmethod 198 0x03603008 code [0x03603100, 0x036031a0]
Event: 8.049 Thread 0x06674c00  199             java.lang.StringCoding::scale (7 bytes)
Event: 8.049 Thread 0x06674c00 nmethod 199 0x03603208 code [0x03603300, 0x036033a0]
Event: 9.190 Thread 0x06674c00  200             java.lang.ThreadLocal$ThreadLocalMap::getEntry (42 bytes)
Event: 9.191 Thread 0x06674c00 nmethod 200 0x03603408 code [0x03603510, 0x0360360c]
Event: 9.982 Thread 0x06674c00  201             java.lang.Character::toLowerCase (9 bytes)
Event: 9.982 Thread 0x06674c00 nmethod 201 0x03603748 code [0x03603850, 0x036038f8]

GC Heap History (8 events):
Event: 0.228 GC heap before
{Heap before GC invocations=0 (full 0):
 def new generation   total 4928K, used 4324K [0x0fc00000, 0x10150000, 0x15150000)
  eden space 4416K,  97% used [0x0fc00000, 0x10039068, 0x10050000)
  from space 512K,   0% used [0x10050000, 0x10050000, 0x100d0000)
  to   space 512K,   0% used [0x100d0000, 0x100d0000, 0x10150000)
 tenured generation   total 10944K, used 0K [0x15150000, 0x15c00000, 0x1fc00000)
   the space 10944K,   0% used [0x15150000, 0x15150000, 0x15150200, 0x15c00000)
 Metaspace       used 1762K, capacity 2240K, committed 2240K, reserved 4480K
Event: 0.230 GC heap after
Heap after GC invocations=1 (full 0):
 def new generation   total 4928K, used 512K [0x0fc00000, 0x10150000, 0x15150000)
  eden space 4416K,   0% used [0x0fc00000, 0x0fc00000, 0x10050000)
  from space 512K, 100% used [0x100d0000, 0x10150000, 0x10150000)
  to   space 512K,   0% used [0x10050000, 0x10050000, 0x100d0000)
 tenured generation   total 10944K, used 972K [0x15150000, 0x15c00000, 0x1fc00000)
   the space 10944K,   8% used [0x15150000, 0x152430e8, 0x15243200, 0x15c00000)
 Metaspace       used 1762K, capacity 2240K, committed 2240K, reserved 4480K
}
Event: 0.326 GC heap before
{Heap before GC invocations=1 (full 0):
 def new generation   total 4928K, used 4928K [0x0fc00000, 0x10150000, 0x15150000)
  eden space 4416K, 100% used [0x0fc00000, 0x10050000, 0x10050000)
  from space 512K, 100% used [0x100d0000, 0x10150000, 0x10150000)
  to   space 512K,   0% used [0x10050000, 0x10050000, 0x100d0000)
 tenured generation   total 10944K, used 972K [0x15150000, 0x15c00000, 0x1fc00000)
   the space 10944K,   8% used [0x15150000, 0x152430e8, 0x15243200, 0x15c00000)
 Metaspace       used 2717K, capacity 2768K, committed 2880K, reserved 4480K
Event: 0.327 GC heap after
Heap after GC invocations=2 (full 0):
 def new generation   total 4928K, used 512K [0x0fc00000, 0x10150000, 0x15150000)
  eden space 4416K,   0% used [0x0fc00000, 0x0fc00000, 0x10050000)
  from space 512K, 100% used [0x10050000, 0x100d0000, 0x100d0000)
  to   space 512K,   0% used [0x100d0000, 0x100d0000, 0x10150000)
 tenured generation   total 10944K, used 1350K [0x15150000, 0x15c00000, 0x1fc00000)
   the space 10944K,  12% used [0x15150000, 0x152a19e0, 0x152a1a00, 0x15c00000)
 Metaspace       used 2717K, capacity 2768K, committed 2880K, reserved 4480K
}
Event: 0.665 GC heap before
{Heap before GC invocations=2 (full 0):
 def new generation   total 4928K, used 4928K [0x0fc00000, 0x10150000, 0x15150000)
  eden space 4416K, 100% used [0x0fc00000, 0x10050000, 0x10050000)
  from space 512K, 100% used [0x10050000, 0x100d0000, 0x100d0000)
  to   space 512K,   0% used [0x100d0000, 0x100d0000, 0x10150000)
 tenured generation   total 10944K, used 1350K [0x15150000, 0x15c00000, 0x1fc00000)
   the space 10944K,  12% used [0x15150000, 0x152a19e0, 0x152a1a00, 0x15c00000)
 Metaspace       used 3889K, capacity 3960K, committed 4032K, reserved 4480K
Event: 0.667 GC heap after
Heap after GC invocations=3 (full 0):
 def new generation   total 4928K, used 479K [0x0fc00000, 0x10150000, 0x15150000)
  eden space 4416K,   0% used [0x0fc00000, 0x0fc00000, 0x10050000)
  from space 512K,  93% used [0x100d0000, 0x10147d20, 0x10150000)
  to   space 512K,   0% used [0x10050000, 0x10050000, 0x100d0000)
 tenured generation   total 10944K, used 1689K [0x15150000, 0x15c00000, 0x1fc00000)
   the space 10944K,  15% used [0x15150000, 0x152f6410, 0x152f6600, 0x15c00000)
 Metaspace       used 3889K, capacity 3960K, committed 4032K, reserved 4480K
}
Event: 3.307 GC heap before
{Heap before GC invocations=3 (full 0):
 def new generation   total 4928K, used 4895K [0x0fc00000, 0x10150000, 0x15150000)
  eden space 4416K, 100% used [0x0fc00000, 0x10050000, 0x10050000)
  from space 512K,  93% used [0x100d0000, 0x10147d20, 0x10150000)
  to   space 512K,   0% used [0x10050000, 0x10050000, 0x100d0000)
 tenured generation   total 10944K, used 1689K [0x15150000, 0x15c00000, 0x1fc00000)
   the space 10944K,  15% used [0x15150000, 0x152f6410, 0x152f6600, 0x15c00000)
 Metaspace       used 4238K, capacity 4425K, committed 4480K, reserved 4480K
Event: 3.310 GC heap after
Heap after GC invocations=4 (full 0):
 def new generation   total 4928K, used 282K [0x0fc00000, 0x10150000, 0x15150000)
  eden space 4416K,   0% used [0x0fc00000, 0x0fc00000, 0x10050000)
  from space 512K,  55% used [0x10050000, 0x10096a98, 0x100d0000)
  to   space 512K,   0% used [0x100d0000, 0x100d0000, 0x10150000)
 tenured generation   total 10944K, used 2010K [0x15150000, 0x15c00000, 0x1fc00000)
   the space 10944K,  18% used [0x15150000, 0x15346b48, 0x15346c00, 0x15c00000)
 Metaspace       used 4238K, capacity 4425K, committed 4480K, reserved 4480K
}

Deoptimization events (0 events):
No events

Classes redefined (0 events):
No events

Internal exceptions (10 events):
Event: 0.206 Thread 0x0140e400 Exception <a 'java/security/PrivilegedActionException'> (0x0fe4d570) thrown at [C:\re\workspace\8-2-build-windows-i586-cygwin\jdk8u201\12322\hotspot\src\share\vm\prims\jvm.cpp, line 1502]
Event: 0.206 Thread 0x0140e400 Exception <a 'java/security/PrivilegedActionException'> (0x0fe4d770) thrown at [C:\re\workspace\8-2-build-windows-i586-cygwin\jdk8u201\12322\hotspot\src\share\vm\prims\jvm.cpp, line 1502]
Event: 0.208 Thread 0x0140e400 Exception <a 'java/security/PrivilegedActionException'> (0x0fe8d868) thrown at [C:\re\workspace\8-2-build-windows-i586-cygwin\jdk8u201\12322\hotspot\src\share\vm\prims\jvm.cpp, line 1502]
Event: 0.208 Thread 0x0140e400 Exception <a 'java/security/PrivilegedActionException'> (0x0fe8da68) thrown at [C:\re\workspace\8-2-build-windows-i586-cygwin\jdk8u201\12322\hotspot\src\share\vm\prims\jvm.cpp, line 1502]
Event: 0.286 Thread 0x0140e400 Exception <a 'java/security/PrivilegedActionException'> (0x0fe3eac0) thrown at [C:\re\workspace\8-2-build-windows-i586-cygwin\jdk8u201\12322\hotspot\src\share\vm\prims\jvm.cpp, line 1502]
Event: 0.286 Thread 0x0140e400 Exception <a 'java/security/PrivilegedActionException'> (0x0fe3ecc0) thrown at [C:\re\workspace\8-2-build-windows-i586-cygwin\jdk8u201\12322\hotspot\src\share\vm\prims\jvm.cpp, line 1502]
Event: 0.286 Thread 0x0140e400 Exception <a 'java/security/PrivilegedActionException'> (0x0fe42d98) thrown at [C:\re\workspace\8-2-build-windows-i586-cygwin\jdk8u201\12322\hotspot\src\share\vm\prims\jvm.cpp, line 1502]
Event: 0.286 Thread 0x0140e400 Exception <a 'java/security/PrivilegedActionException'> (0x0fe42f98) thrown at [C:\re\workspace\8-2-build-windows-i586-cygwin\jdk8u201\12322\hotspot\src\share\vm\prims\jvm.cpp, line 1502]
Event: 0.686 Thread 0x0140e400 Exception <a 'java/lang/NoSuchFieldError': method resolution failed> (0x0fccced0) thrown at [C:\re\workspace\8-2-build-windows-i586-cygwin\jdk8u201\12322\hotspot\src\share\vm\prims\methodHandles.cpp, line 1167]
Event: 0.688 Thread 0x0140e400 Exception <a 'java/lang/NoSuchFieldError': method resolution failed> (0x0fcd9b08) thrown at [C:\re\workspace\8-2-build-windows-i586-cygwin\jdk8u201\12322\hotspot\src\share\vm\prims\methodHandles.cpp, line 1167]

Events (10 events):
Event: 0.708 Thread 0x06893800 Thread added: 0x06893800
Event: 0.708 Thread 0x068bf000 Thread added: 0x068bf000
Event: 0.708 Thread 0x0140e400 Thread exited: 0x0140e400
Event: 0.709 Thread 0x068bf400 Thread added: 0x068bf400
Event: 0.709 loading class java/sql/SQLWarning
Event: 0.709 loading class java/sql/SQLWarning done
Event: 3.307 Executing VM operation: GenCollectForAllocation
Event: 3.310 Executing VM operation: GenCollectForAllocation done
Event: 4.324 Executing VM operation: EnableBiasedLocking
Event: 4.324 Executing VM operation: EnableBiasedLocking done


Dynamic libraries:
0x001c0000 - 0x001f3000 	C:\Program Files (x86)\Java\jdk1.8.0_201\bin\java.exe
0x77170000 - 0x7730c000 	C:\WINDOWS\SYSTEM32\ntdll.dll
0x76900000 - 0x769e0000 	C:\WINDOWS\System32\KERNEL32.DLL
0x761b0000 - 0x763aa000 	C:\WINDOWS\System32\KERNELBASE.dll
0x6fdc0000 - 0x6fe5c000 	C:\WINDOWS\SYSTEM32\apphelp.dll
0x76130000 - 0x761ae000 	C:\WINDOWS\System32\ADVAPI32.dll
0x75cc0000 - 0x75d80000 	C:\WINDOWS\System32\msvcrt.dll
0x76520000 - 0x76599000 	C:\WINDOWS\System32\sechost.dll
0x75f00000 - 0x75fbf000 	C:\WINDOWS\System32\RPCRT4.dll
0x747d0000 - 0x747f0000 	C:\WINDOWS\System32\SspiCli.dll
0x747c0000 - 0x747ca000 	C:\WINDOWS\System32\CRYPTBASE.dll
0x75a20000 - 0x75a82000 	C:\WINDOWS\System32\bcryptPrimitives.dll
0x75a90000 - 0x75c29000 	C:\WINDOWS\System32\USER32.dll
0x76d80000 - 0x76d97000 	C:\WINDOWS\System32\win32u.dll
0x747f0000 - 0x74813000 	C:\WINDOWS\System32\GDI32.dll
0x76f70000 - 0x770d6000 	C:\WINDOWS\System32\gdi32full.dll
0x770e0000 - 0x77160000 	C:\WINDOWS\System32\msvcp_win.dll
0x767d0000 - 0x768f2000 	C:\WINDOWS\System32\ucrtbase.dll
0x6e5f0000 - 0x6e7ff000 	C:\WINDOWS\WinSxS\x86_microsoft.windows.common-controls_6595b64144ccf1df_6.0.17763.737_none_4d637a531b9a7e51\COMCTL32.dll
0x76b00000 - 0x76d78000 	C:\WINDOWS\System32\combase.dll
0x759f0000 - 0x75a15000 	C:\WINDOWS\System32\IMM32.DLL
0x70640000 - 0x706ff000 	C:\Program Files (x86)\Java\jdk1.8.0_201\jre\bin\msvcr100.dll
0x073d0000 - 0x077a5000 	C:\Program Files (x86)\Java\jdk1.8.0_201\jre\bin\client\jvm.dll
0x76e00000 - 0x76e06000 	C:\WINDOWS\System32\PSAPI.DLL
0x73f80000 - 0x73f88000 	C:\WINDOWS\SYSTEM32\WSOCK32.dll
0x76da0000 - 0x76dff000 	C:\WINDOWS\System32\WS2_32.dll
0x74790000 - 0x747b4000 	C:\WINDOWS\SYSTEM32\WINMM.dll
0x736b0000 - 0x736b8000 	C:\WINDOWS\SYSTEM32\VERSION.dll
0x74760000 - 0x74783000 	C:\WINDOWS\SYSTEM32\WINMMBASE.dll
0x74ee0000 - 0x74f1b000 	C:\WINDOWS\System32\cfgmgr32.dll
0x71700000 - 0x7170c000 	C:\Program Files (x86)\Java\jdk1.8.0_201\jre\bin\verify.dll
0x70610000 - 0x70631000 	C:\Program Files (x86)\Java\jdk1.8.0_201\jre\bin\java.dll
0x686c0000 - 0x686eb000 	C:\Program Files (x86)\Java\jdk1.8.0_201\jre\bin\jdwp.dll
0x687a0000 - 0x687a7000 	C:\Program Files (x86)\Java\jdk1.8.0_201\jre\bin\npt.dll
0x0fae0000 - 0x0fb00000 	C:\Program Files (x86)\Java\jdk1.8.0_201\jre\bin\instrument.dll
0x705f0000 - 0x70604000 	C:\Program Files (x86)\Java\jdk1.8.0_201\jre\bin\zip.dll
0x74910000 - 0x74e61000 	C:\WINDOWS\System32\SHELL32.dll
0x75c30000 - 0x75cb9000 	C:\WINDOWS\System32\shcore.dll
0x74f90000 - 0x7558c000 	C:\WINDOWS\System32\windows.storage.dll
0x75da0000 - 0x75dbc000 	C:\WINDOWS\System32\profapi.dll
0x763b0000 - 0x76404000 	C:\WINDOWS\System32\powrprof.dll
0x76420000 - 0x76464000 	C:\WINDOWS\System32\shlwapi.dll
0x76510000 - 0x7651f000 	C:\WINDOWS\System32\kernel.appcore.dll
0x74f70000 - 0x74f82000 	C:\WINDOWS\System32\cryptsp.dll
0x523d0000 - 0x523d8000 	C:\Program Files (x86)\Java\jdk1.8.0_201\jre\bin\dt_socket.dll
0x72d20000 - 0x72d72000 	C:\WINDOWS\system32\mswsock.dll
0x72ca0000 - 0x72ccf000 	C:\WINDOWS\system32\rsaenh.dll
0x75d80000 - 0x75d99000 	C:\WINDOWS\System32\bcrypt.dll
0x73fc0000 - 0x73fe3000 	C:\WINDOWS\SYSTEM32\USERENV.dll
0x68a80000 - 0x68a95000 	C:\Program Files (x86)\Java\jdk1.8.0_201\jre\bin\net.dll
0x73dc0000 - 0x73f7d000 	C:\WINDOWS\SYSTEM32\urlmon.dll
0x731f0000 - 0x7341f000 	C:\WINDOWS\SYSTEM32\iertutil.dll
0x73cf0000 - 0x73d23000 	C:\WINDOWS\SYSTEM32\IPHLPAPI.DLL
0x74e70000 - 0x74e77000 	C:\WINDOWS\System32\NSI.dll
0x71e70000 - 0x71e83000 	C:\WINDOWS\SYSTEM32\dhcpcsvc6.DLL
0x72bc0000 - 0x72bd4000 	C:\WINDOWS\SYSTEM32\dhcpcsvc.DLL
0x724d0000 - 0x72560000 	C:\WINDOWS\SYSTEM32\DNSAPI.dll
0x701a0000 - 0x701af000 	C:\Program Files (x86)\Java\jdk1.8.0_201\jre\bin\nio.dll
0x6c200000 - 0x6c2bc000 	C:\Users\caigd\AppData\Local\Temp\sqlite-3.28.0-fda8712e-9e53-43e3-becc-81a61ec389a5-sqlitejdbc.dll
0x72560000 - 0x726ef000 	C:\WINDOWS\SYSTEM32\dbghelp.dll

VM Arguments:
jvm_args: -agentlib:jdwp=transport=dt_socket,address=127.0.0.1:54578,suspend=y,server=n -javaagent:C:\Users\caigd\.IntelliJIdea2018.2\system\captureAgent\debugger-agent.jar=file:/C:/Users/caigd/AppData/Local/Temp/capture1554.props -Dfile.encoding=UTF-8 
java_command: cn.caigd.learn.sqlite.TransactionApp
java_class_path (initial): C:\Program Files (x86)\Java\jdk1.8.0_201\jre\lib\charsets.jar;C:\Program Files (x86)\Java\jdk1.8.0_201\jre\lib\deploy.jar;C:\Program Files (x86)\Java\jdk1.8.0_201\jre\lib\ext\access-bridge-32.jar;C:\Program Files (x86)\Java\jdk1.8.0_201\jre\lib\ext\cldrdata.jar;C:\Program Files (x86)\Java\jdk1.8.0_201\jre\lib\ext\dnsns.jar;C:\Program Files (x86)\Java\jdk1.8.0_201\jre\lib\ext\jaccess.jar;C:\Program Files (x86)\Java\jdk1.8.0_201\jre\lib\ext\jfxrt.jar;C:\Program Files (x86)\Java\jdk1.8.0_201\jre\lib\ext\localedata.jar;C:\Program Files (x86)\Java\jdk1.8.0_201\jre\lib\ext\nashorn.jar;C:\Program Files (x86)\Java\jdk1.8.0_201\jre\lib\ext\sunec.jar;C:\Program Files (x86)\Java\jdk1.8.0_201\jre\lib\ext\sunjce_provider.jar;C:\Program Files (x86)\Java\jdk1.8.0_201\jre\lib\ext\sunmscapi.jar;C:\Program Files (x86)\Java\jdk1.8.0_201\jre\lib\ext\sunpkcs11.jar;C:\Program Files (x86)\Java\jdk1.8.0_201\jre\lib\ext\zipfs.jar;C:\Program Files (x86)\Java\jdk1.8.0_201\jre\lib\javaws.jar;C:\Program Files (x86)\Java\jdk1.8.0_201\jre\lib\jce.jar;C:\Program Files (x86)\Java\jdk1.8.0_201\jre\lib\jfr.jar;C:\Program Files (x86)\Java\jdk1.8.0_201\jre\lib\jfxswt.jar;C:\Program Files (x86)\Java\jdk1.8.0_201\jre\lib\jsse.jar;C:\Program Files (x86)\Java\jdk1.8.0_201\jre\lib\management-agent.jar;C:\Program Files (x86)\Java\jdk1.8.0_201\jre\lib\plugin.jar;C:\Program Files (x86)\Java\jdk1.8.0_201\jre\lib\resources.jar;C:\Program Files (x86)\Java\jdk1.8.0_201\jre\lib\rt.jar;D:\workspace\learn\target\classes;C:\Users\caigd\.m2\repository\org\roaringbitmap\RoaringBitmap\0.7.5\RoaringBitmap-0.7.5.jar;C:\Users\caigd\.m2\repository\org\springframework\boot\spring-boot-starter\2.0.4.RELEASE\spring-boot-starter-2.0.4.RELEASE.jar;C:\Users\caigd\.m2\repository\org\springframework\boot\spring-boot\2.0.4.RELEASE\spring-boot-2.0.4.RELEASE.jar;C:\Users\caigd\.m2\repository\org\springframework\spring-context\5.0.8.RELEASE\spring-context-5.0.8.RELEASE.jar;C:\Users\caigd\.m2\repository\org\s
Launcher Type: SUN_STANDARD

Environment Variables:
JAVA_HOME=C:\Program Files (x86)\Java\jdk1.8.0_201
CLASSPATH=.;.;.;C:\PROGRA~2\JMF21~1.1E\lib\sound.jar;C:\PROGRA~2\JMF21~1.1E\lib\jmf.jar;C:\PROGRA~2\JMF21~1.1E\lib;
PATH=C:\ProgramData\DockerDesktop\version-bin;C:\Program Files\Docker\Docker\Resources\bin;C:\Program Files (x86)\Common Files\Oracle\Java\javapath;C:\WINDOWS\system32;C:\WINDOWS;C:\WINDOWS\System32\Wbem;C:\WINDOWS\System32\WindowsPowerShell\v1.0\;C:\Program Files (x86)\Java\jdk1.8.0_201\bin;C:\Program Files (x86)\Java\jdk1.8.0_201\jre\bin;C:\Program Files\OpenVPN\bin;C:\Program Files\Git\cmd;C:\WINDOWS\System32\OpenSSH\;C:\Program Files\MySQL\MySQL Utilities 1.6\;C:\spark-2.3.1-bin-hadoop2.7\bin;C:\Program Files (x86)\Tesseract-OCR;D:\Program Files\Redis\;D:\workspace\zookeeper-3.4.10\zookeeper-3.4.10\bin;D:\ffmpeg-20190227-85051fe-win64-static\ffmpeg-20190227-85051fe-win64-static\bin\;C:\Program Files\nodejs\;C:\Program Files\OpenSSL-Win64\bin;D:\Program Files (x86)\Yarn\bin\;C:\Go\bin;C:\Program Files (x86)\scala\bin;C:\ProgramData\chocolatey\bin;C:\MinGW\bin;C:\btrace-bin-1.3.11.3\bin;C:\protoc-2.6.1-win32\;C:\flutter\bin;D:\Anaconda3;D:\Anaconda3\Library\mingw-w64\bin;D:\Anaconda3\Library\usr\bin;D:\Anaconda3\Library\bin;D:\Anaconda3\Scripts;C:\Users\caigd\.cargo\bin;D:\Ruby25-x64\bin;C:\Python\Python36\Scripts\;C:\Python\Python36\;C:\Users\caigd\AppData\Local\Microsoft\WindowsApps;D:\software\Microsoft VS Code\bin;C:\Users\caigd\AppData\Roaming\npm;C:\Users\caigd\AppData\Local\Yarn\bin;C:\Users\caigd\go\bin;C:\Users\caigd\.lein\bin
USERNAME=caigd
OS=Windows_NT
PROCESSOR_IDENTIFIER=Intel64 Family 6 Model 158 Stepping 9, GenuineIntel



---------------  S Y S T E M  ---------------

OS: Windows 10.0 , 64 bit Build 17763 (10.0.17763.475)

CPU:total 4 (initial active 4) (4 cores per cpu, 1 threads per core) family 6 model 158 stepping 9, cmov, cx8, fxsr, mmx, sse, sse2, sse3, ssse3, sse4.1, sse4.2, popcnt, avx, avx2, aes, clmul, erms, rtm, 3dnowpref, lzcnt, tsc, tscinvbit, bmi1, bmi2, adx

Memory: 4k page, physical 16638056k(5556428k free), swap 31318120k(11365832k free)

vm_info: Java HotSpot(TM) Client VM (25.201-b09) for windows-x86 JRE (1.8.0_201-b09), built on Dec 16 2018 00:13:48 by "java_re" with MS VC++ 10.0 (VS2010)

time: Mon Sep 16 15:30:59 2019
timezone: 中国标准时间
elapsed time: 10 seconds (0d 0h 0m 10s)

